
13:47:21.581+000	 12.04.2016 13:47:21,      121329630,  75,726,  -50000, 3786300.
13:47:22.811+000	 12.04.2016 13:47:23,      121329640,  75,717,  -68000, 5148756.
13:47:22.811+000	 12.04.2016 13:47:23,      121329641,  75,717,  -68000, 5148756.
13:47:32.459+030	 12.04.2016 13:47:32,      121329657,  75,715,   96000, 7268640.
13:47:56.732+019	 12.04.2016 13:47:56,      121329681,  75,715,  100000, 7571500.
13:47:57.569+013	 12.04.2016 13:47:57,      121329682,  75,715,    1000,   75715.
13:48:26.800+040	 12.04.2016 13:48:27,      121329687,  75,727,    1000,   75727.
13:48:41.292+051	 12.04.2016 13:48:41,      121329725,   75,72,  -64000, 4846080.
13:48:49.444+021	 12.04.2016 13:48:49,      121329748,  75,724,  200000,15144800.
13:49:03.714+012	 12.04.2016 13:49:03,      121329776,  75,735,   18000, 1363230.
13:49:03.988+000	 12.04.2016 13:49:04,      121329777,   75,73,   -1000,   75730.
13:49:44.169+029	 12.04.2016 13:49:44,      121329835,  75,743,   50000, 3787150.
13:49:44.169+029	 12.04.2016 13:49:44,      121329836,  75,744,   88000, 6665472.
13:49:52.432+011	 12.04.2016 13:49:52,      121329885,  75,744,  181000,13709664.
13:49:52.445+024	 12.04.2016 13:49:52,      121329886,  75,744,   19000, 1439136.
13:49:52.456+035	 12.04.2016 13:49:52,      121329889,   75,75,   10000,  757500.
13:49:52.456+035	 12.04.2016 13:49:52,      121329890,   75,75,    6000,  454500.
13:49:52.660+000	 12.04.2016 13:49:52,      121329913,   75,75,    4000,  303000.
13:49:52.660+000	 12.04.2016 13:49:52,      121329914,  75,755,  -50000, 3787750.
13:50:15.843+020	 12.04.2016 13:50:15,      121330040,   75,76,   13000,  984880.
13:50:15.850+027	 12.04.2016 13:50:15,      121330041,   75,76,   50000, 3788000.
13:50:17.366+038	 12.04.2016 13:50:17,      121330089,  75,763,  100000, 7576300.
13:50:17.367+039	 12.04.2016 13:50:17,      121330090,  75,763,   50000, 3788150.
13:50:17.367+039	 12.04.2016 13:50:17,      121330091,  75,763,   50000, 3788150.
13:50:17.367+039	 12.04.2016 13:50:17,      121330093,  75,764,   50000, 3788200.
13:50:17.371+043	 12.04.2016 13:50:17,      121330097,  75,765,   50000, 3788250.
13:50:23.982+010	 12.04.2016 13:50:24,      121330117,  75,766,    1000,   75766.
13:50:40.593+000	 12.04.2016 13:50:40,      121330150,  75,763,    9000,  681867.
13:51:13.188+036	 12.04.2016 13:51:13,      121330235,  75,766,  101000, 7652366.
13:51:13.188+036	 12.04.2016 13:51:13,      121330236,  75,767,   77000, 5834059.
13:51:16.367+061	 12.04.2016 13:51:16,      121330240,   75,77,   53000, 4015810.
13:51:16.369+063	 12.04.2016 13:51:16,      121330241,   75,77, -245000,18563650.
13:51:16.369+063	 12.04.2016 13:51:16,      121330242,   75,77,   -2000,  151540.
13:51:20.187+019	 12.04.2016 13:51:20,      121330246,  75,752,  -10000,  757520.
13:51:50.565+047	 12.04.2016 13:51:50,      121330280,  75,763,  200000,15152600.
13:51:57.443+013	 12.04.2016 13:51:57,      121330304,   75,77,  -90000, 6819300.
13:51:57.445+015	 12.04.2016 13:51:57,      121330305,   75,77,  -50000, 3788500.
13:51:57.446+016	 12.04.2016 13:51:57,      121330306,   75,77,  -10000,  757700.
13:51:59.976+031	 12.04.2016 13:52:00,      121330308,   75,77,  -50000, 3788500.
13:52:03.868+000	 12.04.2016 13:52:04,      121330313,  75,773,    1000,   75773.
13:52:09.086+009	 12.04.2016 13:52:09,      121330319,  75,769,   50000, 3788450.
13:52:14.792+065	 12.04.2016 13:52:15,      121330322,   75,77,    1000,   75770.
13:52:24.530+018	 12.04.2016 13:52:24,      121330360,  75,755,  -50000, 3787750.
13:52:24.530+018	 12.04.2016 13:52:24,      121330361,  75,754, -100000, 7575400.
13:52:24.542+030	 12.04.2016 13:52:24,      121330368,  75,753,  -20000, 1515060.
13:52:24.553+041	 12.04.2016 13:52:24,      121330375,   75,75,   -5000,  378750.
13:52:24.553+041	 12.04.2016 13:52:24,      121330376,   75,75,  -15000, 1136250.
13:53:19.893+055	 12.04.2016 13:53:20,      121330463,  75,733,  -20000, 1514660.
13:53:19.910+072	 12.04.2016 13:53:20,      121330470,  75,733,  -20000, 1514660.
13:53:19.910+072	 12.04.2016 13:53:20,      121330471,  75,733,  -27000, 2044791.
13:53:19.910+072	 12.04.2016 13:53:20,      121330472,  75,732,  -29000, 2196228.
13:53:19.937+015	 12.04.2016 13:53:20,      121330489,  75,733,  -50000, 3786650.
13:53:19.938+016	 12.04.2016 13:53:20,      121330492,  75,731,  -93000, 7042983.
13:53:19.938+016	 12.04.2016 13:53:20,      121330493,  75,731,   -7000,  530117.
13:53:19.964+042	 12.04.2016 13:53:20,      121330503,   75,73,  -56000, 4240880.
13:53:19.964+042	 12.04.2016 13:53:20,      121330504,   75,73,  -44000, 3332120.
13:53:31.830+042	 12.04.2016 13:53:32,      121330513,  75,732,   69000, 5225508.
13:53:31.831+043	 12.04.2016 13:53:32,      121330514,  75,732,  -43000, 3256476.
13:53:42.854+027	 12.04.2016 13:53:43,      121330525,  75,734,    2000,  151468.
13:54:01.377+051	 12.04.2016 13:54:01,      121330546,  75,751,    5000,  378755.
13:54:13.624+002	 12.04.2016 13:54:13,      121330559,  75,741,  -25000, 1893525.
13:54:23.795+042	 12.04.2016 13:54:24,      121330571,  75,742,   50000, 3787100.
13:54:58.965+001	 12.04.2016 13:54:59,      121330580,   75,74,  -30000, 2272200.
13:55:15.310+052	 12.04.2016 13:55:15,      121330591,  75,734,  150000,11360100.
13:55:27.767+001	 12.04.2016 13:55:28,      121330606,  75,743, -515000,39007645.
13:55:28.730+039	 12.04.2016 13:55:28,      121330608,  75,743, -150000,11361450.
13:55:28.731+040	 12.04.2016 13:55:28,      121330609,  75,743, -135000,10225305.
13:55:45.005+025	 12.04.2016 13:55:45,      121330625,  75,734,  110000, 8330740.
13:55:54.062+009	 12.04.2016 13:55:54,      121330634,  75,736,   36000, 2726496.
13:56:00.387+046	 12.04.2016 13:56:00,      121330640,  75,725,   -1000,   75725.
13:56:01.268+032	 12.04.2016 13:56:01,      121330644,  75,729,    1000,   75729.
13:56:22.214+005	 12.04.2016 13:56:22,      121330663,  75,711,   -1000,   75711.
13:56:22.981+000	 12.04.2016 13:56:23,      121330664,  75,727,    1000,   75727.
13:56:30.296+038	 12.04.2016 13:56:30,      121330670,  75,731,   10000,  757310.
13:56:30.514+001	 12.04.2016 13:56:30,      121330671,  75,731,    2000,  151462.
13:57:00.055+038	 12.04.2016 13:57:00,      121330697,  75,737,   79000, 5983223.
13:57:00.055+038	 12.04.2016 13:57:00,      121330698,  75,737,   92000, 6967804.
13:57:00.055+038	 12.04.2016 13:57:00,      121330700,  75,737,   29000, 2196373.
13:57:20.186+005	 12.04.2016 13:57:20,      121330735,  75,732,  -16000, 1211712.
13:57:20.309+001	 12.04.2016 13:57:20,      121330736,   75,73,  150000,11359500.
13:57:20.312+000	 12.04.2016 13:57:20,      121330737,   75,73,   14000, 1060220.
13:58:17.429+004	 12.04.2016 13:58:17,      121330787,   75,71,  -60000, 4542600.
13:58:17.429+004	 12.04.2016 13:58:17,      121330788,  75,707,  -50000, 3785350.
13:58:17.429+004	 12.04.2016 13:58:17,      121330789,  75,706, -109000, 8251954.
13:58:24.815+019	 12.04.2016 13:58:25,      121330792,    75,7,  -40000, 3028000.
13:58:24.815+019	 12.04.2016 13:58:25,      121330793,    75,7, -110000, 8327000.
13:58:25.917+001	 12.04.2016 13:58:26,      121330802,    75,7,  -40000, 3028000.
13:58:25.917+001	 12.04.2016 13:58:26,      121330803,    75,7, -100000, 7570000.
13:58:25.917+001	 12.04.2016 13:58:26,      121330804,    75,7,  -10000,  757000.
13:58:25.917+001	 12.04.2016 13:58:26,      121330805,    75,7,  -10000,  757000.
13:58:25.917+001	 12.04.2016 13:58:26,      121330806,    75,7,   -1000,   75700.
13:58:25.917+001	 12.04.2016 13:58:26,      121330807,    75,7,   -3000,  227100.
13:58:48.260+000	 12.04.2016 13:58:48,      121330839,   75,68,  -99000, 7492320.
13:58:50.662+037	 12.04.2016 13:58:50,      121330840,   75,68,   -1000,   75680.
13:59:23.585+028	 12.04.2016 13:59:23,      121330859,  75,665, -100000, 7566500.
13:59:50.401+023	 12.04.2016 13:59:50,      121330889,  75,653,  200000,15130600.
13:59:51.384+047	 12.04.2016 13:59:51,      121330897,   75,67,   35000, 2648450.
13:59:54.056+055	 12.04.2016 13:59:54,      121330900,  75,656,   60000, 4539360.
14:00:08.007+039	 12.04.2016 14:00:08,      121330908,   75,67,  100000, 7567000.
14:00:12.531+000	 12.04.2016 14:00:12,      121330913,  75,669,    1000,   75669.
14:00:21.400+000	 12.04.2016 14:00:21,      121330915,  75,652,    1000,   75652.
14:01:08.484+035	 12.04.2016 14:01:08,      121330927,  75,676,   27000, 2043252.
14:01:14.903+022	 12.04.2016 14:01:15,      121330929,  75,671,  -51000, 3859221.
14:01:18.094+008	 12.04.2016 14:01:18,      121330931,  75,671, -132000, 9988572.
14:01:26.666+017	 12.04.2016 14:01:26,      121330948,  75,669,   10000,  756690.
14:01:27.748+059	 12.04.2016 14:01:27,      121330967,  75,669,   41000, 3102429.
14:01:49.373+010	 12.04.2016 14:01:49,      121330973,  75,652,   -9000,  680868.
14:02:10.885+000	 12.04.2016 14:02:11,      121330998,  75,651, -100000, 7565100.
14:02:15.920+011	 12.04.2016 14:02:16,      121331002,  75,661,    3000,  226983.
14:02:25.323+000	 12.04.2016 14:02:25,      121331008,   75,66, -400000,30264000.
14:02:33.694+032	 12.04.2016 14:02:33,      121331026,  75,651,  -50000, 3782550.
14:02:33.694+032	 12.04.2016 14:02:33,      121331027,   75,65,   -1000,   75650.
14:02:33.694+032	 12.04.2016 14:02:33,      121331028,   75,65,  -15000, 1134750.
14:02:50.034+011	 12.04.2016 14:02:50,      121331081,  75,628,  150000,11344200.
14:04:15.755+009	 12.04.2016 14:04:15,      121331186,  75,634,   50000, 3781700.
14:04:15.756+010	 12.04.2016 14:04:15,      121331187,  75,634,   16000, 1210144.
14:04:31.418+038	 12.04.2016 14:04:31,      121331212,   75,63, -100000, 7563000.
14:04:31.418+038	 12.04.2016 14:04:31,      121331213,   75,62,  -40000, 3024800.
14:04:35.667+019	 12.04.2016 14:04:35,      121331253,  75,613,  169000,12778597.
14:04:35.670+022	 12.04.2016 14:04:35,      121331257,  75,613,   31000, 2344003.
14:04:35.671+023	 12.04.2016 14:04:35,      121331258,  75,619,  100000, 7561900.
14:04:51.161+037	 12.04.2016 14:04:51,      121331294,   75,62,    9000,  680580.
14:04:59.299+063	 12.04.2016 14:04:59,      121331301,  75,616,  -50000, 3780800.
14:04:59.818+018	 12.04.2016 14:05:00,      121331316,   75,61,   -2000,  151220.
14:05:02.491+049	 12.04.2016 14:05:02,      121331396,  75,607,  -50000, 3780350.
14:05:02.497+055	 12.04.2016 14:05:02,      121331400,  75,603,  -50000, 3780150.
14:05:02.527+011	 12.04.2016 14:05:02,      121331402,  75,601,  -50000, 3780050.
14:05:02.534+018	 12.04.2016 14:05:02,      121331403,    75,6,  -33000, 2494800.
14:05:02.534+018	 12.04.2016 14:05:02,      121331404,    75,6,   -1000,   75600.
14:05:02.534+018	 12.04.2016 14:05:02,      121331405,    75,6, -109000, 8240400.
14:05:02.534+018	 12.04.2016 14:05:02,      121331407,    75,6,  -50000, 3780000.
14:05:02.534+018	 12.04.2016 14:05:02,      121331408,    75,6,   -8000,  604800.
14:05:02.534+018	 12.04.2016 14:05:02,      121331409,    75,6,  -83000, 6274800.
14:05:02.794+030	 12.04.2016 14:05:03,      121331411,  75,601,    1000,   75601.
14:05:03.599+001	 12.04.2016 14:05:03,      121331432,  75,601,  199000,15044599.
14:05:03.599+001	 12.04.2016 14:05:03,      121331433,  75,601,   50000, 3780050.
14:05:08.249+021	 12.04.2016 14:05:08,      121331465,  75,601,   12000,  907212.
14:05:08.587+054	 12.04.2016 14:05:08,      121331467,  75,601,   64000, 4838464.
14:05:08.588+055	 12.04.2016 14:05:08,      121331468,  75,601,  124000, 9374524.
14:05:08.588+055	 12.04.2016 14:05:08,      121331469,  75,601,   50000, 3780050.
14:05:12.295+037	 12.04.2016 14:05:12,      121331480,  75,596,   -1000,   75596.
14:05:12.831+019	 12.04.2016 14:05:13,      121331486,  75,604,   51000, 3855804.
14:05:12.831+019	 12.04.2016 14:05:13,      121331487,  75,604,   51000, 3855804.
14:05:12.832+020	 12.04.2016 14:05:13,      121331489,  75,604,   21000, 1587684.
14:05:12.836+024	 12.04.2016 14:05:13,      121331490,  75,604,   50000, 3780200.
14:05:15.508+011	 12.04.2016 14:05:15,      121331501,  75,625,   50000, 3781250.
14:05:15.513+016	 12.04.2016 14:05:15,      121331502,  75,626,   73000, 5520698.
14:05:53.779+006	 12.04.2016 14:05:54,      121331549,  75,598,   -1000,   75598.
14:06:02.781+014	 12.04.2016 14:06:03,      121331561,  75,612,    1000,   75612.
14:06:27.502+022	 12.04.2016 14:06:27,      121331583,    75,6, -150000,11340000.
14:06:27.506+026	 12.04.2016 14:06:27,      121331587,  75,599,  -30000, 2267970.
14:06:27.546+066	 12.04.2016 14:06:27,      121331593,  75,596, -100000, 7559600.
14:06:27.546+066	 12.04.2016 14:06:27,      121331594,  75,596,  -75000, 5669700.
14:06:27.546+066	 12.04.2016 14:06:27,      121331596,  75,596,  -75000, 5669700.
14:06:27.546+066	 12.04.2016 14:06:27,      121331597,  75,595, -100000, 7559500.
14:06:29.874+035	 12.04.2016 14:06:30,      121331614,  75,582,   -1000,   75582.
14:06:29.909+070	 12.04.2016 14:06:30,      121331617,   75,58,  -50000, 3779000.
14:06:29.909+070	 12.04.2016 14:06:30,      121331618,   75,58, -100000, 7558000.
14:06:29.910+071	 12.04.2016 14:06:30,      121331619,   75,58,  -99000, 7482420.
14:06:29.917+078	 12.04.2016 14:06:30,      121331620,   75,58,   -1000,   75580.
14:06:42.454+000	 12.04.2016 14:06:42,      121331632,  75,587,  -19000, 1436153.
14:06:54.891+012	 12.04.2016 14:06:55,      121331645,  75,587,  -21000, 1587327.
14:07:14.842+000	 12.04.2016 14:07:15,      121331687,  75,578,   20000, 1511560.
14:07:18.500+024	 12.04.2016 14:07:18,      121331688,  75,579,    1000,   75579.
14:07:23.810+000	 12.04.2016 14:07:24,      121331691,  75,576,   50000, 3778800.
14:07:25.809+022	 12.04.2016 14:07:26,      121331692,  75,573,    8000,  604584.
14:07:33.315+021	 12.04.2016 14:07:33,      121331699,  75,567,   50000, 3778350.
14:07:38.096+000	 12.04.2016 14:07:38,      121331719,  75,555,    2000,  151110.
14:07:38.100+004	 12.04.2016 14:07:38,      121331720,   75,55,   -2000,  151100.
14:07:38.100+004	 12.04.2016 14:07:38,      121331721,   75,55,   -2000,  151100.
14:07:38.100+004	 12.04.2016 14:07:38,      121331722,   75,55, -132000, 9972600.
14:07:38.100+004	 12.04.2016 14:07:38,      121331723,   75,55,  -14000, 1057700.
14:07:42.376+030	 12.04.2016 14:07:42,      121331726,  75,556,    8000,  604448.
14:07:45.541+000	 12.04.2016 14:07:45,      121331732,  75,556,   50000, 3777800.
14:07:57.347+020	 12.04.2016 14:07:57,      121331740,  75,568, -311000,23501648.
14:07:57.347+020	 12.04.2016 14:07:57,      121331741,  75,568,  -56000, 4231808.
14:07:57.348+021	 12.04.2016 14:07:57,      121331742,  75,568, -117000, 8841456.
14:07:57.348+021	 12.04.2016 14:07:57,      121331743,  75,568,  -16000, 1209088.
14:08:03.401+010	 12.04.2016 14:08:03,      121331745,  75,567,  -20000, 1511340.
14:08:25.257+015	 12.04.2016 14:08:25,      121331758,  75,573,   15000, 1133595.
14:08:44.373+003	 12.04.2016 14:08:44,      121331771,  75,562,   81000, 6120522.
14:08:44.769+002	 12.04.2016 14:08:45,      121331774,   75,56,   -2000,  151120.
14:08:45.412+042	 12.04.2016 14:08:45,      121331775,  75,559,  200000,15111800.
14:08:47.344+017	 12.04.2016 14:08:47,      121331784,  75,558,  200000,15111600.
14:08:47.344+017	 12.04.2016 14:08:47,      121331785,  75,558,   40000, 3022320.
14:08:47.414+087	 12.04.2016 14:08:47,      121331804,  75,556,  -17000, 1284452.
14:08:47.432+000	 12.04.2016 14:08:47,      121331805,  75,556,   -9000,  680004.
14:08:47.432+000	 12.04.2016 14:08:47,      121331807,  75,556,   -4000,  302224.
14:08:47.432+000	 12.04.2016 14:08:47,      121331808,  75,556,   -2000,  151112.
14:08:47.432+000	 12.04.2016 14:08:47,      121331809,  75,556,   -1000,   75556.
14:08:50.200+008	 12.04.2016 14:08:50,      121331812,  75,556,  -77000, 5817812.
14:09:04.018+001	 12.04.2016 14:09:04,      121331839,  75,558,  101000, 7631358.
14:09:10.753+005	 12.04.2016 14:09:10,      121331887,  75,578,  135000,10203030.
14:09:10.753+005	 12.04.2016 14:09:10,      121331888,  75,578,   65000, 4912570.
14:09:29.079+037	 12.04.2016 14:09:29,      121331914,  75,582,   50000, 3779100.
14:09:31.613+000	 12.04.2016 14:09:31,      121331918,   75,58,   60000, 4534800.
14:09:31.614+001	 12.04.2016 14:09:31,      121331919,   75,58,   40000, 3023200.
14:09:31.619+006	 12.04.2016 14:09:31,      121331924,  75,582,   51000, 3854682.
14:09:31.626+013	 12.04.2016 14:09:31,      121331927,  75,582,  100000, 7558200.
14:09:32.513+047	 12.04.2016 14:09:32,      121331944,  75,583,   -9000,  680247.
14:09:39.027+000	 12.04.2016 14:09:39,      121331945,    75,6,    1000,   75600.
14:09:42.759+092	 12.04.2016 14:09:42,      121331965,  75,579,  -50000, 3778950.
14:09:42.759+092	 12.04.2016 14:09:42,      121331966,  75,579,  -50000, 3778950.
14:09:42.760+093	 12.04.2016 14:09:42,      121331967,  75,579,  -50000, 3778950.
14:09:50.618+018	 12.04.2016 14:09:50,      121331989,  75,586,  -50000, 3779300.
14:09:50.618+018	 12.04.2016 14:09:50,      121331990,  75,582, -118000, 8918676.
14:09:50.627+027	 12.04.2016 14:09:50,      121331994,  75,579, -150000,11336850.
14:09:52.761+011	 12.04.2016 14:09:52,      121332014,  75,565,  -23000, 1737995.
14:10:11.670+035	 12.04.2016 14:10:11,      121332024,  75,566,   -4000,  302264.
14:10:18.876+006	 12.04.2016 14:10:19,      121332038,  75,557,   50000, 3777850.
14:10:20.669+109	 12.04.2016 14:10:20,      121332044,  75,553,  -50000, 3777650.
14:10:20.669+109	 12.04.2016 14:10:20,      121332045,  75,552,   -5000,  377760.
14:10:20.669+109	 12.04.2016 14:10:20,      121332046,  75,551,  -50000, 3777550.
14:10:20.669+109	 12.04.2016 14:10:20,      121332047,   75,55,  -18000, 1359900.
14:10:20.669+109	 12.04.2016 14:10:20,      121332048,   75,55,  -27000, 2039850.
14:10:43.629+006	 12.04.2016 14:10:43,      121332089,  75,569,  120000, 9068280.
14:11:04.133+080	 12.04.2016 14:11:04,      121332118,  75,592,   50000, 3779600.
14:11:04.641+014	 12.04.2016 14:11:04,      121332124,  75,601,  -83000, 6274883.
14:11:23.308+012	 12.04.2016 14:11:23,      121332139,  75,609,   50000, 3780450.
14:11:37.856+036	 12.04.2016 14:11:38,      121332163,  75,571,   20000, 1511420.
14:11:38.041+039	 12.04.2016 14:11:38,      121332164,   75,57,   20000, 1511400.
14:11:38.179+022	 12.04.2016 14:11:38,      121332165,  75,567,   20000, 1511340.
14:11:38.180+023	 12.04.2016 14:11:38,      121332166,  75,567,   51000, 3853917.
14:11:38.180+023	 12.04.2016 14:11:38,      121332167,  75,568,   20000, 1511360.
14:11:38.216+003	 12.04.2016 14:11:38,      121332168,  75,567,   82000, 6196494.
14:11:38.766+027	 12.04.2016 14:11:39,      121332197,  75,587,   35000, 2645545.
14:11:39.235+048	 12.04.2016 14:11:39,      121332198,  75,567,   50000, 3778350.
14:11:39.236+049	 12.04.2016 14:11:39,      121332199,  75,567,   51000, 3853917.
14:11:39.237+050	 12.04.2016 14:11:39,      121332200,  75,567,   99000, 7481133.
14:11:40.515+004	 12.04.2016 14:11:40,      121332212,  75,581,  150000,11337150.
14:12:18.413+001	 12.04.2016 14:12:18,      121332250,  75,578,  -50000, 3778900.
14:12:37.381+017	 12.04.2016 14:12:37,      121332290,  75,555,  -27000, 2039985.
14:12:51.919+020	 12.04.2016 14:12:52,      121332311,  75,566,   50000, 3778300.
14:13:05.091+024	 12.04.2016 14:13:05,      121332325,  75,566,   50000, 3778300.
14:13:05.095+028	 12.04.2016 14:13:05,      121332327,  75,566,   50000, 3778300.
14:13:05.098+031	 12.04.2016 14:13:05,      121332329,   75,57,  100000, 7557000.
14:13:05.099+032	 12.04.2016 14:13:05,      121332330,  75,571,  -50000, 3778550.
14:13:14.839+050	 12.04.2016 14:13:15,      121332354,  75,554,  -56000, 4231024.
14:13:14.841+052	 12.04.2016 14:13:15,      121332355,  75,554,   -4000,  302216.
14:13:14.842+053	 12.04.2016 14:13:15,      121332356,  75,553,  -18000, 1359954.
14:13:14.845+056	 12.04.2016 14:13:15,      121332357,  75,553,  -32000, 2417696.
14:13:29.632+044	 12.04.2016 14:13:29,      121332369,  75,567,   40000, 3022680.
14:13:47.497+010	 12.04.2016 14:13:47,      121332377,  75,559,  -21000, 1586739.
14:14:18.782+000	 12.04.2016 14:14:19,      121332402,   75,57,   20000, 1511400.
14:14:21.271+002	 12.04.2016 14:14:21,      121332404,   75,57,  -77000, 5818890.
14:14:22.330+017	 12.04.2016 14:14:22,      121332405,   75,57,  -53000, 4005210.
14:14:41.826+056	 12.04.2016 14:14:42,      121332435,  75,555,   -3000,  226665.
14:14:47.102+014	 12.04.2016 14:14:47,      121332449,  75,568,    2000,  151136.
14:15:01.992+006	 12.04.2016 14:15:02,      121332459,  75,578,    2000,  151156.
14:15:36.196+063	 12.04.2016 14:15:36,      121332485,  75,557,   -6000,  453342.
14:15:53.744+057	 12.04.2016 14:15:54,      121332498,  75,581,    1000,   75581.
14:16:20.499+039	 12.04.2016 14:16:20,      121332515,   75,58,  -70000, 5290600.
14:16:23.881+001	 12.04.2016 14:16:24,      121332516,   75,58,  -63000, 4761540.
14:16:34.559+004	 12.04.2016 14:16:34,      121332529,  75,586,   -1000,   75586.
14:17:18.413+007	 12.04.2016 14:17:18,      121332569,  75,574,   50000, 3778700.
14:17:39.277+015	 12.04.2016 14:17:39,      121332595,   75,57,   -1000,   75570.
14:17:47.986+000	 12.04.2016 14:17:48,      121332598,  75,585,    5000,  377925.
14:17:50.061+001	 12.04.2016 14:17:50,      121332602,  75,571,  -20000, 1511420.
14:18:23.792+026	 12.04.2016 14:18:24,      121332662,  75,574,   18000, 1360332.
14:18:28.158+013	 12.04.2016 14:18:28,      121332667,   75,57, -100000, 7557000.
14:18:28.158+013	 12.04.2016 14:18:28,      121332668,  75,569,   -1000,   75569.
14:18:40.157+001	 12.04.2016 14:18:40,      121332681,  75,574,   20000, 1511480.
14:18:54.337+033	 12.04.2016 14:18:54,      121332690,  75,575,    2000,  151150.
14:18:58.640+000	 12.04.2016 14:18:58,      121332693,  75,577,    1000,   75577.
14:19:10.373+020	 12.04.2016 14:19:10,      121332715,  75,582,    1000,   75582.
14:19:14.739+030	 12.04.2016 14:19:15,      121332716,  75,591,    1000,   75591.
14:19:26.299+021	 12.04.2016 14:19:26,      121332769,  75,585,  -45000, 3401325.
14:19:32.936+025	 12.04.2016 14:19:33,      121332779,  75,579,  -15000, 1133685.
14:19:38.636+010	 12.04.2016 14:19:38,      121332822,  75,565,  -61000, 4609465.
14:19:38.782+060	 12.04.2016 14:19:39,      121332823,   75,57,    5000,  377850.
14:19:38.791+069	 12.04.2016 14:19:39,      121332824,  75,565,  -39000, 2947035.
14:19:44.507+049	 12.04.2016 14:19:44,      121332829,   75,57,    1000,   75570.
14:20:00.840+022	 12.04.2016 14:20:01,      121332859,   75,58,    2000,  151160.
14:20:14.040+000	 12.04.2016 14:20:14,      121332865,  75,585,   11000,  831435.
14:20:14.542+003	 12.04.2016 14:20:14,      121332874,  75,585,  139000,10506315.
14:20:14.542+003	 12.04.2016 14:20:14,      121332875,  75,586,   20000, 1511720.
14:20:14.667+100	 12.04.2016 14:20:14,      121332909,   75,59, -150000,11338500.
14:20:14.735+026	 12.04.2016 14:20:15,      121332910,   75,59, -150000,11338500.
14:20:22.621+021	 12.04.2016 14:20:22,      121332922,  75,595,  -10000,  755950.
14:20:30.026+003	 12.04.2016 14:20:30,      121332949,  75,605,   50000, 3780250.
14:20:30.026+003	 12.04.2016 14:20:30,      121332950,  75,605,   50000, 3780250.
14:20:30.028+005	 12.04.2016 14:20:30,      121332952,  75,604,  -34000, 2570536.
14:22:07.890+008	 12.04.2016 14:22:08,      121333021,   75,58, -122000, 9220760.
14:22:35.071+016	 12.04.2016 14:22:35,      121333058,  75,582,  200000,15116400.
14:22:44.365+009	 12.04.2016 14:22:44,      121333079,  75,596,   50000, 3779800.
14:22:44.458+059	 12.04.2016 14:22:44,      121333085,  75,598,   52000, 3931096.
14:22:44.458+059	 12.04.2016 14:22:44,      121333086,  75,598,  148000,11188504.
14:22:44.458+059	 12.04.2016 14:22:44,      121333095,  75,599,  122000, 9223078.
14:22:44.459+060	 12.04.2016 14:22:44,      121333106,  75,599, -103000, 7786697.
14:22:48.090+004	 12.04.2016 14:22:47,      121333132,   75,57,   -7000,  528990.
14:22:48.090+004	 12.04.2016 14:22:47,      121333133,   75,57,   -5000,  377850.
14:22:48.128+042	 12.04.2016 14:22:47,      121333148,   75,56,  -50000, 3778000.
14:22:54.589+097	 12.04.2016 14:22:54,      121333173,  75,551,  -40000, 3022040.
14:23:41.840+021	 12.04.2016 14:23:42,      121333220,  75,596,    3000,  226788.
14:23:43.431+047	 12.04.2016 14:23:43,      121333229,  75,599,   50000, 3779950.
14:23:43.463+028	 12.04.2016 14:23:43,      121333243,  75,601,  200000,15120200.
14:23:43.650+024	 12.04.2016 14:23:43,      121333269,  75,605,   50000, 3780250.
14:23:43.658+032	 12.04.2016 14:23:43,      121333271,  75,605,   50000, 3780250.
14:23:46.361+021	 12.04.2016 14:23:46,      121333292,  75,595,  -38000, 2872610.
14:23:48.011+098	 12.04.2016 14:23:48,      121333299,  75,606,   50000, 3780300.
14:23:48.011+098	 12.04.2016 14:23:48,      121333300,  75,606,  148000,11189688.
14:23:53.765+019	 12.04.2016 14:23:54,      121333315,  75,596,   50000, 3779800.
14:23:55.957+030	 12.04.2016 14:23:56,      121333327,  75,596,   50000, 3779800.
14:23:55.960+033	 12.04.2016 14:23:56,      121333328,  75,596, -100000, 7559600.
14:23:55.965+038	 12.04.2016 14:23:56,      121333329,  75,596,  -50000, 3779800.
14:23:56.780+023	 12.04.2016 14:23:57,      121333330,  75,601,    1000,   75601.
14:24:08.807+000	 12.04.2016 14:24:09,      121333368,  75,603,  150000,11340450.
14:24:20.583+048	 12.04.2016 14:24:20,      121333421,  75,607,   -2000,  151214.
14:24:41.469+000	 12.04.2016 14:24:41,      121333458,  75,629,   14000, 1058806.
14:24:52.062+002	 12.04.2016 14:24:52,      121333465,   75,62,  -12000,  907440.
14:25:00.943+022	 12.04.2016 14:25:01,      121333480,  75,616,   -4000,  302464.
14:25:04.869+047	 12.04.2016 14:25:05,      121333511,  75,609,  -50000, 3780450.
14:25:04.870+048	 12.04.2016 14:25:05,      121333512,  75,608, -150000,11341200.
14:25:04.870+048	 12.04.2016 14:25:05,      121333513,  75,606, -201000,15196806.
14:25:05.090+014	 12.04.2016 14:25:05,      121333523,  75,606, -150000,11340900.
14:25:05.090+014	 12.04.2016 14:25:05,      121333524,  75,606,  -53000, 4007118.
14:25:05.093+017	 12.04.2016 14:25:05,      121333537,  75,602, -150000,11340300.
14:25:05.094+018	 12.04.2016 14:25:05,      121333539,  75,602,  -50000, 3780100.
14:25:05.099+023	 12.04.2016 14:25:05,      121333562,    75,6,  -14000, 1058400.
14:25:05.178+102	 12.04.2016 14:25:05,      121333574,  75,606,   50000, 3780300.
14:25:11.493+029	 12.04.2016 14:25:11,      121333654,   75,59,  150000,11338500.
14:25:11.506+042	 12.04.2016 14:25:11,      121333668,  75,587, -117000, 8843679.
14:25:11.759+034	 12.04.2016 14:25:12,      121333690,  75,601,    1000,   75601.
14:25:11.813+007	 12.04.2016 14:25:12,      121333692,  75,601,   49000, 3704449.
14:25:16.938+029	 12.04.2016 14:25:17,      121333746,  75,578,  -50000, 3778900.
14:25:17.185+026	 12.04.2016 14:25:17,      121333758,  75,572,   -2000,  151144.
14:25:17.240+004	 12.04.2016 14:25:17,      121333780,  75,572,  200000,15114400.
14:25:17.240+004	 12.04.2016 14:25:17,      121333782,  75,595,   98000, 7408310.
14:25:17.276+040	 12.04.2016 14:25:17,      121333818,  75,579,  402000,30382758.
14:25:17.962+003	 12.04.2016 14:25:18,      121333853,   75,59,  -40000, 3023600.
14:25:22.441+007	 12.04.2016 14:25:22,      121333930,  75,565, -150000,11334750.
14:25:22.462+028	 12.04.2016 14:25:22,      121333933,  75,558, -200000,15111600.
14:25:23.134+045	 12.04.2016 14:25:23,      121333996,   75,56, -150000,11334000.
14:25:44.671+027	 12.04.2016 14:25:44,      121334011,  75,556,    9000,  680004.
14:26:25.951+014	 12.04.2016 14:26:26,      121334048,  75,578,   20000, 1511560.
14:26:41.616+083	 12.04.2016 14:26:41,      121334050,   75,58,  -10000,  755800.
14:26:44.577+010	 12.04.2016 14:26:44,      121334052,  75,585,    8000,  604680.
14:27:49.708+000	 12.04.2016 14:27:49,      121334152,   75,55,  -23000, 1737650.
14:27:49.708+000	 12.04.2016 14:27:49,      121334153,   75,55,   -2000,  151100.
14:27:49.708+000	 12.04.2016 14:27:49,      121334154,  75,549,  -39000, 2946411.
14:27:49.725+006	 12.04.2016 14:27:49,      121334161,  75,549,  -68000, 5137332.
14:27:49.725+006	 12.04.2016 14:27:49,      121334162,  75,549,  -43000, 3248607.
14:27:58.979+058	 12.04.2016 14:27:59,      121334181,   75,54,  -26000, 1964040.
14:28:12.120+010	 12.04.2016 14:28:12,      121334206,   75,53,   -1000,   75530.
14:28:12.120+010	 12.04.2016 14:28:12,      121334207,   75,53,   -1000,   75530.
14:28:35.752+020	 12.04.2016 14:28:36,      121334242,   75,54,  -10000,  755400.
14:28:47.686+002	 12.04.2016 14:28:47,      121334243,   75,54,   -5000,  377700.
14:28:47.686+002	 12.04.2016 14:28:47,      121334244,   75,54,  -50000, 3777000.
14:28:52.486+023	 12.04.2016 14:28:52,      121334248,  75,541,   88000, 6647608.
14:28:54.897+039	 12.04.2016 14:28:55,      121334292,  75,531,  -50000, 3776550.
14:28:54.948+002	 12.04.2016 14:28:55,      121334315,  75,525,   -1000,   75525.
14:29:02.238+018	 12.04.2016 14:29:02,      121334332,  75,524,   -1000,   75524.
14:29:21.823+060	 12.04.2016 14:29:22,      121334352,   75,52,   -2000,  151040.
14:29:21.823+060	 12.04.2016 14:29:22,      121334353,   75,52,  -26000, 1963520.
14:29:44.752+047	 12.04.2016 14:29:45,      121334383,  75,523,   50000, 3776150.
14:29:58.199+006	 12.04.2016 14:29:58,      121334447,  75,521,  100000, 7552100.
14:30:00.512+061	 12.04.2016 14:30:00,      121334457,  75,521,   10000,  755210.
14:30:04.543+017	 12.04.2016 14:30:04,      121334464,   75,51,  -10000,  755100.
14:30:04.543+017	 12.04.2016 14:30:04,      121334465,   75,51,   -2000,  151020.
14:30:04.543+017	 12.04.2016 14:30:04,      121334466,   75,51,   -5000,  377550.
14:30:10.309+051	 12.04.2016 14:30:10,      121334496,  75,516,    2000,  151032.
14:30:16.181+071	 12.04.2016 14:30:16,      121334548,  75,502,   -5000,  377510.
14:30:16.184+074	 12.04.2016 14:30:16,      121334549,    75,5,  -10000,  755000.
14:30:16.184+074	 12.04.2016 14:30:16,      121334550,    75,5,   -4000,  302000.
14:30:16.184+074	 12.04.2016 14:30:16,      121334551,    75,5,   -1000,   75500.
14:30:16.184+074	 12.04.2016 14:30:16,      121334552,    75,5,  -10000,  755000.
14:30:16.184+074	 12.04.2016 14:30:16,      121334553,    75,5, -125000, 9437500.
14:30:24.577+038	 12.04.2016 14:30:24,      121334598,    75,5,  -75000, 5662500.
14:30:24.577+038	 12.04.2016 14:30:24,      121334599,    75,5,  -52000, 3926000.
14:30:24.577+038	 12.04.2016 14:30:24,      121334600,    75,5,   -2000,  151000.
14:30:24.577+038	 12.04.2016 14:30:24,      121334601,    75,5,   -1000,   75500.
14:30:24.828+007	 12.04.2016 14:30:25,      121334605,    75,5,  -51000, 3850500.
14:30:24.840+019	 12.04.2016 14:30:25,      121334608,    75,5,  -88000, 6644000.
14:30:24.848+027	 12.04.2016 14:30:25,      121334611,    75,5,  -88000, 6644000.
14:30:24.848+027	 12.04.2016 14:30:25,      121334612,    75,5, -200000,15100000.
14:30:24.925+003	 12.04.2016 14:30:25,      121334617,    75,5, -130000, 9815000.
14:30:25.378+011	 12.04.2016 14:30:25,      121334618,    75,5,  -88000, 6644000.
14:30:25.386+019	 12.04.2016 14:30:25,      121334623,    75,5,  -88000, 6644000.
14:30:25.390+023	 12.04.2016 14:30:25,      121334624,    75,5,  -56000, 4228000.
14:30:25.390+023	 12.04.2016 14:30:25,      121334625,    75,5,   -1000,   75500.
14:30:25.390+023	 12.04.2016 14:30:25,      121334626,    75,5,   -5000,  377500.
14:30:25.390+023	 12.04.2016 14:30:25,      121334627,    75,5,  -26000, 1963000.
14:30:25.881+043	 12.04.2016 14:30:26,      121334631,    75,5, -144000,10872000.
14:30:25.881+043	 12.04.2016 14:30:26,      121334632,    75,5,   -6000,  453000.
14:30:25.881+043	 12.04.2016 14:30:26,      121334633,    75,5,  -11000,  830500.
14:30:25.881+043	 12.04.2016 14:30:26,      121334634,    75,5,   -2000,  151000.
14:30:25.882+044	 12.04.2016 14:30:26,      121334635,    75,5,   -6000,  453000.
14:30:25.882+044	 12.04.2016 14:30:26,      121334636,    75,5,  -31000, 2340500.
14:30:26.150+005	 12.04.2016 14:30:26,      121334645,    75,5,   -4000,  302000.
14:30:26.150+005	 12.04.2016 14:30:26,      121334646,    75,5,   -1000,   75500.
14:30:26.150+005	 12.04.2016 14:30:26,      121334647,    75,5,  -10000,  755000.
14:30:26.150+005	 12.04.2016 14:30:26,      121334648,    75,5,   -1000,   75500.
14:30:26.150+005	 12.04.2016 14:30:26,      121334649,    75,5,   -2000,  151000.
14:30:26.150+005	 12.04.2016 14:30:26,      121334650,    75,5,  -20000, 1510000.
14:30:27.494+000	 12.04.2016 14:30:27,      121334664,   75,49, -500000,37745000.
14:30:27.505+011	 12.04.2016 14:30:27,      121334667,  75,494,   50000, 3774700.
14:30:27.505+011	 12.04.2016 14:30:27,      121334668,  75,495,    1000,   75495.
14:30:27.508+014	 12.04.2016 14:30:27,      121334670,  75,495,   51000, 3850245.
14:30:27.685+000	 12.04.2016 14:30:27,      121334673,   75,49, -500000,37745000.
14:30:29.237+038	 12.04.2016 14:30:29,      121334676,  75,496,  200000,15099200.
14:30:33.736+038	 12.04.2016 14:30:34,      121334704,  75,493,   50000, 3774650.
14:30:35.308+004	 12.04.2016 14:30:35,      121334711,   75,49, -353000,26647970.
14:30:36.883+001	 12.04.2016 14:30:37,      121334721,  75,494,   50000, 3774700.
14:30:36.883+001	 12.04.2016 14:30:37,      121334722,  75,494,   52000, 3925688.
14:30:36.929+017	 12.04.2016 14:30:37,      121334727,  75,494,  -50000, 3774700.
14:30:42.956+053	 12.04.2016 14:30:43,      121334775,  75,499,   50000, 3774950.
14:30:42.956+053	 12.04.2016 14:30:43,      121334776,  75,499,  202000,15250798.
14:30:42.956+053	 12.04.2016 14:30:43,      121334777,    75,5,  200000,15100000.
14:30:42.956+053	 12.04.2016 14:30:43,      121334778,    75,5,  100000, 7550000.
14:30:42.956+053	 12.04.2016 14:30:43,      121334779,  75,519,  100000, 7551900.
14:30:42.956+053	 12.04.2016 14:30:43,      121334780,   75,52,   69000, 5210880.
14:30:44.512+009	 12.04.2016 14:30:44,      121334798,  75,501,  200000,15100200.
14:30:44.512+009	 12.04.2016 14:30:44,      121334799,  75,501,   50000, 3775050.
14:30:44.512+009	 12.04.2016 14:30:44,      121334800,  75,512,   29000, 2189848.
14:30:55.212+003	 12.04.2016 14:30:55,      121334827,  75,494,    3000,  226482.
14:30:56.189+001	 12.04.2016 14:30:56,      121334831,   75,49,  -62000, 4680380.
14:30:56.316+013	 12.04.2016 14:30:56,      121334832,   75,49,  -85000, 6416650.
14:31:17.546+000	 12.04.2016 14:31:17,      121334865,  75,496,  200000,15099200.
14:32:06.355+000	 12.04.2016 14:32:06,      121334908,  75,531,   50000, 3776550.
14:32:14.938+038	 12.04.2016 14:32:15,      121334942,  75,532,   50000, 3776600.
14:32:29.743+037	 12.04.2016 14:32:30,      121334965,  75,541,    1000,   75541.
14:32:29.744+038	 12.04.2016 14:32:30,      121334966,  75,541,   68000, 5136788.
14:32:32.752+027	 12.04.2016 14:32:33,      121334968,  75,539,  -12000,  906468.
14:32:32.752+027	 12.04.2016 14:32:33,      121334969,  75,539, -137000,10348843.
14:32:32.752+027	 12.04.2016 14:32:33,      121334970,  75,539,  -13000,  982007.
14:32:48.275+008	 12.04.2016 14:32:48,      121334984,  75,535,   50000, 3776750.
14:32:53.751+037	 12.04.2016 14:32:54,      121335009,  75,524,    1000,   75524.
14:32:58.486+051	 12.04.2016 14:32:58,      121335016,  75,524,   50000, 3776200.
14:32:58.486+051	 12.04.2016 14:32:58,      121335017,  75,524,  138000,10422312.
14:32:58.486+051	 12.04.2016 14:32:58,      121335018,  75,524,   12000,  906288.
14:33:16.267+013	 12.04.2016 14:33:16,      121335024,  75,537,   50000, 3776850.
14:33:16.267+013	 12.04.2016 14:33:16,      121335025,  75,538,  200000,15107600.
14:33:16.267+013	 12.04.2016 14:33:16,      121335026,   75,54,  101000, 7629540.
14:33:22.795+041	 12.04.2016 14:33:23,      121335041,  75,539,   99000, 7478361.
14:33:32.759+000	 12.04.2016 14:33:33,      121335057,  75,541,    1000,   75541.
14:33:40.674+000	 12.04.2016 14:33:40,      121335066,  75,538,   11000,  830918.
14:33:53.898+007	 12.04.2016 14:33:54,      121335095,  75,541,  150000,11331150.
14:33:53.905+014	 12.04.2016 14:33:54,      121335101,  75,541,  239000,18054299.
14:33:53.906+015	 12.04.2016 14:33:54,      121335102,  75,541,  150000,11331150.
14:33:53.906+015	 12.04.2016 14:33:54,      121335103,  75,541,    3000,  226623.
14:34:27.778+028	 12.04.2016 14:34:28,      121335342,  75,567,    3000,  226701.
14:34:56.855+030	 12.04.2016 14:34:57,      121335878,  75,575,   50000, 3778750.
14:35:08.250+044	 12.04.2016 14:35:08,      121335887,  75,563,   -1000,   75563.
14:35:35.921+022	 12.04.2016 14:35:36,      121335925,  75,553,  -51000, 3853203.
14:35:35.930+031	 12.04.2016 14:35:36,      121335936,   75,55,  -29000, 2190950.
14:35:35.930+031	 12.04.2016 14:35:36,      121335937,  75,546,  -36000, 2719656.
14:35:35.977+035	 12.04.2016 14:35:36,      121335951,  75,545,  -50000, 3777250.
14:35:35.992+050	 12.04.2016 14:35:36,      121335954,   75,54,  -16000, 1208640.
14:35:49.998+052	 12.04.2016 14:35:50,      121335985,  75,524,  -50000, 3776200.
14:35:50.113+042	 12.04.2016 14:35:50,      121335988,  75,518, -100000, 7551800.
14:36:01.382+050	 12.04.2016 14:36:01,      121335996,   75,51,    3000,  226530.
14:36:07.820+004	 12.04.2016 14:36:07,      121336030,  75,516,   50000, 3775800.
14:36:07.820+004	 12.04.2016 14:36:07,      121336031,  75,512,  -50000, 3775600.
14:36:22.788+008	 12.04.2016 14:36:22,      121336045,  75,511,   51000, 3851061.
14:36:34.652+043	 12.04.2016 14:36:34,      121336051,  75,517,   15000, 1132755.
14:36:53.897+001	 12.04.2016 14:36:54,      121336057,   75,53,  -40000, 3021200.
14:36:54.639+042	 12.04.2016 14:36:54,      121336058,   75,53,   -1000,   75530.
14:36:56.823+001	 12.04.2016 14:36:57,      121336059,  75,533,    1000,   75533.
14:37:02.828+010	 12.04.2016 14:37:03,      121336060,  75,532,    1000,   75532.
14:37:04.651+002	 12.04.2016 14:37:04,      121336064,   75,53,   -1000,   75530.
14:37:38.630+014	 12.04.2016 14:37:38,      121336095,  75,512,  -50000, 3775600.
14:37:49.272+025	 12.04.2016 14:37:49,      121336101,  75,506,  -50000, 3775300.
14:37:51.151+034	 12.04.2016 14:37:51,      121336126,    75,5,  -67000, 5058500.
14:37:51.151+034	 12.04.2016 14:37:51,      121336127,    75,5,  -86000, 6493000.
14:37:51.151+034	 12.04.2016 14:37:51,      121336128,    75,5,  -25000, 1887500.
14:37:51.151+034	 12.04.2016 14:37:51,      121336129,    75,5,  -30000, 2265000.
14:38:20.453+026	 12.04.2016 14:38:20,      121336156,  75,502,  -10000,  755020.
14:38:22.718+000	 12.04.2016 14:38:22,      121336177,  75,499,  -31000, 2340469.
14:38:25.858+010	 12.04.2016 14:38:26,      121336178,  75,519,   50000, 3775950.
14:38:25.858+010	 12.04.2016 14:38:26,      121336179,   75,52,   31000, 2341120.
14:38:36.337+001	 12.04.2016 14:38:36,      121336193,   75,51,  -14000, 1057140.
14:39:00.561+059	 12.04.2016 14:39:00,      121336217,  75,502,  -50000, 3775100.
14:39:05.262+042	 12.04.2016 14:39:05,      121336235,  75,501,   20000, 1510020.
14:39:11.331+000	 12.04.2016 14:39:11,      121336252,    75,5,  -50000, 3775000.
14:39:11.331+000	 12.04.2016 14:39:11,      121336253,    75,5,  -50000, 3775000.
14:39:11.469+000	 12.04.2016 14:39:11,      121336254,  75,501,   10000,  755010.
14:39:26.111+041	 12.04.2016 14:39:26,      121336297,  75,498,    1000,   75498.
14:39:33.588+000	 12.04.2016 14:39:33,      121336312,    75,5,  108000, 8154000.
14:39:33.595+007	 12.04.2016 14:39:33,      121336313,    75,5,   42000, 3171000.
14:39:58.345+000	 12.04.2016 14:39:58,      121336360,  75,503,  -10000,  755030.
14:40:04.834+014	 12.04.2016 14:40:05,      121336367,   75,52,   50000, 3776000.
14:40:04.835+015	 12.04.2016 14:40:05,      121336368,   75,52,  -61000, 4606720.
14:40:14.882+003	 12.04.2016 14:40:15,      121336371,   75,52,   -7000,  528640.
14:40:14.882+003	 12.04.2016 14:40:15,      121336372,   75,52,  -23000, 1736960.
14:40:16.722+002	 12.04.2016 14:40:16,      121336384,   75,51,  -52000, 3926520.
14:40:16.722+002	 12.04.2016 14:40:16,      121336385,   75,51,  -48000, 3624480.
14:40:26.892+006	 12.04.2016 14:40:27,      121336430,    75,5,  -86000, 6493000.
14:40:59.950+000	 12.04.2016 14:41:00,      121336463,    75,5,   15000, 1132500.
14:41:01.750+000	 12.04.2016 14:41:01,      121336465,    75,5,   -4000,  302000.
14:42:43.422+035	 12.04.2016 14:42:43,      121336565,  75,525,   -3000,  226575.
14:42:57.213+001	 12.04.2016 14:42:57,      121336598,  75,537,  150000,11330550.
14:42:57.213+001	 12.04.2016 14:42:57,      121336599,  75,538,   30000, 2266140.
14:43:09.808+001	 12.04.2016 14:43:09,      121336612,   75,53,    2000,  151060.
14:43:18.036+026	 12.04.2016 14:43:18,      121336631,   75,52,  -44000, 3322880.
14:43:20.390+005	 12.04.2016 14:43:20,      121336642,  75,516,   17000, 1283772.
14:43:25.133+015	 12.04.2016 14:43:25,      121336644,   75,51,   54000, 4077540.
14:43:50.328+010	 12.04.2016 14:43:50,      121336656,  75,533,    1000,   75533.
14:44:16.976+044	 12.04.2016 14:44:17,      121336671,  75,512,  -50000, 3775600.
14:44:16.976+044	 12.04.2016 14:44:17,      121336672,  75,512, -150000,11326800.
14:44:25.893+044	 12.04.2016 14:44:26,      121336680,  75,534,    2000,  151068.
14:44:40.253+007	 12.04.2016 14:44:40,      121336682,   75,54,   83000, 6269820.
14:45:00.635+028	 12.04.2016 14:45:00,      121336721,  75,524,  -20000, 1510480.
14:45:06.054+022	 12.04.2016 14:45:06,      121336725,   75,54,    1000,   75540.
14:45:22.763+004	 12.04.2016 14:45:22,      121336752,  75,539,  100000, 7553900.
14:45:22.763+004	 12.04.2016 14:45:22,      121336753,   75,54,   50000, 3777000.
14:45:24.230+001	 12.04.2016 14:45:24,      121336756,  75,539,   12000,  906468.
14:45:24.230+001	 12.04.2016 14:45:24,      121336757,   75,54,   66000, 4985640.
14:45:25.381+000	 12.04.2016 14:45:25,      121336758,   75,54,  -20000, 1510800.
14:45:25.381+000	 12.04.2016 14:45:25,      121336759,   75,54,   -6000,  453240.
14:45:26.947+046	 12.04.2016 14:45:27,      121336761,  75,539,  -40000, 3021560.
14:45:32.844+000	 12.04.2016 14:45:33,      121336764,  75,547,    1000,   75547.
14:45:33.076+008	 12.04.2016 14:45:33,      121336765,   75,54,  -52000, 3928080.
14:45:54.316+003	 12.04.2016 14:45:54,      121336775,   75,53, -124000, 9365720.
14:46:04.934+006	 12.04.2016 14:46:05,      121336786,   75,52,  -30000, 2265600.
14:46:13.353+000	 12.04.2016 14:46:13,      121336789,  75,532,    1000,   75532.
14:47:15.434+027	 12.04.2016 14:47:15,      121336899,  75,515, -115000, 8684225.
14:47:22.870+000	 12.04.2016 14:47:23,      121336902,   75,51,  -23000, 1736730.
14:47:24.579+025	 12.04.2016 14:47:24,      121336903,   75,51,   21000, 1585710.
14:47:33.750+009	 12.04.2016 14:47:33,      121336906,   75,52, -107000, 8080640.
14:48:06.538+013	 12.04.2016 14:48:06,      121336938,  75,517,  -50000, 3775850.
14:48:30.115+045	 12.04.2016 14:48:30,      121336981,  75,504,  150000,11325600.
14:48:31.569+001	 12.04.2016 14:48:31,      121336999,    75,5, -300000,22650000.
14:48:38.302+000	 12.04.2016 14:48:38,      121337010,  75,505,  -51000, 3850755.
14:49:04.342+037	 12.04.2016 14:49:04,      121337053,  75,522,  -12000,  906264.
14:49:13.226+071	 12.04.2016 14:49:13,      121337057,  75,528,    1000,   75528.
14:49:16.345+000	 12.04.2016 14:49:16,      121337058,  75,527,   10000,  755270.
14:49:17.956+014	 12.04.2016 14:49:18,      121337059,  75,531,    1000,   75531.
14:49:27.389+014	 12.04.2016 14:49:27,      121337066,  75,531,    6000,  453186.
14:49:31.531+041	 12.04.2016 14:49:31,      121337074,  75,531,    5000,  377655.
14:49:39.870+014	 12.04.2016 14:49:40,      121337078,   75,52,  -50000, 3776000.
14:49:39.886+030	 12.04.2016 14:49:40,      121337080,   75,52,  -50000, 3776000.
14:49:39.918+016	 12.04.2016 14:49:40,      121337082,   75,52,  -50000, 3776000.
14:49:52.466+000	 12.04.2016 14:49:52,      121337088,  75,529,    9000,  679761.
14:50:34.657+009	 12.04.2016 14:50:34,      121337125,  75,527,   30000, 2265810.
14:50:52.136+053	 12.04.2016 14:50:52,      121337144,  75,528,   -9000,  679752.
14:51:05.504+021	 12.04.2016 14:51:05,      121337150,  75,511,    2000,  151022.
14:51:37.473+002	 12.04.2016 14:51:37,      121337172,   75,52, -156000,11781120.
14:51:37.991+040	 12.04.2016 14:51:38,      121337228,   75,51,  -51000, 3851010.
14:51:37.998+047	 12.04.2016 14:51:38,      121337236,   75,51,  -22000, 1661220.
14:51:38.023+014	 12.04.2016 14:51:38,      121337250,  75,505,  -51000, 3850755.
14:51:40.790+063	 12.04.2016 14:51:40,      121337289,  75,505,  -48000, 3624240.
14:51:48.401+065	 12.04.2016 14:51:48,      121337301,  75,511,  200000,15102200.
14:52:04.223+096	 12.04.2016 14:52:04,      121337365,  75,531,   18000, 1359558.
14:52:04.223+096	 12.04.2016 14:52:04,      121337366,   75,54,    1000,   75540.
14:52:17.892+004	 12.04.2016 14:52:18,      121337442,  75,551,  -80000, 6044080.
14:52:37.126+053	 12.04.2016 14:52:37,      121337488,   75,55,  100000, 7555000.
14:52:39.255+017	 12.04.2016 14:52:39,      121337490,  75,584,    5000,  377920.
14:53:04.393+044	 12.04.2016 14:53:04,      121337503,   75,58,   16000, 1209280.
14:53:09.436+005	 12.04.2016 14:53:09,      121337506,  75,579,   16000, 1209264.
14:53:27.817+023	 12.04.2016 14:53:28,      121337510,  75,583,   50000, 3779150.
14:53:27.817+023	 12.04.2016 14:53:28,      121337511,  75,586,   18000, 1360548.
14:53:37.189+020	 12.04.2016 14:53:37,      121337526,  75,586,    5000,  377930.
14:54:34.517+022	 12.04.2016 14:54:34,      121337588,   75,55,  -65000, 4910750.
14:54:36.599+007	 12.04.2016 14:54:36,      121337591,   75,55,   10000,  755500.
14:54:37.731+009	 12.04.2016 14:54:37,      121337592,  75,534,   -1000,   75534.
14:54:42.318+042	 12.04.2016 14:54:42,      121337600,   75,55,   25000, 1888750.
14:55:10.647+001	 12.04.2016 14:55:10,      121337620,  75,581,    1000,   75581.
14:55:15.931+027	 12.04.2016 14:55:16,      121337625,  75,593,    1000,   75593.
14:55:16.128+028	 12.04.2016 14:55:16,      121337626,  75,593,    1000,   75593.
14:55:16.131+031	 12.04.2016 14:55:16,      121337627,  75,593,    1000,   75593.
14:55:27.374+023	 12.04.2016 14:55:27,      121337630,  75,581,    3000,  226743.
14:55:27.674+000	 12.04.2016 14:55:27,      121337639,  75,588,    3000,  226764.
14:55:40.420+016	 12.04.2016 14:55:40,      121337659,    75,6,  350000,26460000.
14:55:56.978+022	 12.04.2016 14:55:57,      121337704,    75,6,  150000,11340000.
14:55:56.978+022	 12.04.2016 14:55:57,      121337705,    75,6, -350000,26460000.
14:56:14.307+003	 12.04.2016 14:56:14,      121337722,  75,565,   -8000,  604520.
14:56:15.475+017	 12.04.2016 14:56:15,      121337729,  75,566,   -2000,  151132.
14:57:21.634+040	 12.04.2016 14:57:21,      121337764,  75,567,  -23000, 1738041.
14:57:27.126+031	 12.04.2016 14:57:27,      121337769,  75,562,   -1000,   75562.
14:57:27.126+031	 12.04.2016 14:57:27,      121337770,   75,55,   -5000,  377750.
14:57:27.126+031	 12.04.2016 14:57:27,      121337771,   75,55,  -10000,  755500.
14:57:27.126+031	 12.04.2016 14:57:27,      121337772,   75,55,   -5000,  377750.
14:57:27.126+031	 12.04.2016 14:57:27,      121337773,  75,535,   -2000,  151070.
14:57:35.125+004	 12.04.2016 14:57:35,      121337780,  75,537,  100000, 7553700.
14:58:30.382+002	 12.04.2016 14:58:30,      121337899,   75,65,   25000, 1891250.
14:58:31.400+016	 12.04.2016 14:58:31,      121337900,   75,65,    1000,   75650.
14:58:32.920+005	 12.04.2016 14:58:33,      121337902,   75,61,   -1000,   75610.
14:58:45.745+024	 12.04.2016 14:58:45,      121337929,   75,61,   -5000,  378050.
14:59:01.778+001	 12.04.2016 14:59:01,      121337943,  75,649,    2000,  151298.
14:59:04.526+019	 12.04.2016 14:59:04,      121337944,   75,65,    2000,  151300.
14:59:41.425+065	 12.04.2016 14:59:41,      121338016,   75,64,  -24000, 1815360.
14:59:53.918+000	 12.04.2016 14:59:54,      121338024,  75,641,    5000,  378205.
14:59:53.918+000	 12.04.2016 14:59:54,      121338025,  75,645,   50000, 3782250.